<?xml version="1.0" encoding="UTF-8"?>
<!-- Generated by org.testng.reporters.JUnitReportReporter -->
<testsuite skipped="0" hostname="NagaJ-PC" name="Test.NewTestMemberSearch" tests="1" failures="0" timestamp="2023-06-05T17:24:39 IST" time="13.060" errors="0">
  <testcase name="findMember" time="13.060" classname="Test.NewTestMemberSearch"/>
  <system-out/>
</testsuite> <!-- Test.NewTestMemberSearch -->
