<?xml version="1.0" encoding="UTF-8"?>
<!-- Generated by org.testng.reporters.JUnitReportReporter -->
<testsuite hostname="NagaJ-PC" failures="0" tests="1" name="Test.NewTestMemberSearch" time="23.731" errors="0" timestamp="2023-06-05T18:53:44 IST" skipped="0">
  <testcase classname="Test.NewTestMemberSearch" name="findMember" time="23.731"/>
  <system-out/>
</testsuite> <!-- Test.NewTestMemberSearch -->
